\BOOKMARK [1][-]{Doc-Start}{\376\377\000E\000d\000u\000c\000a\000t\000i\000o\000n}{}% 1
\BOOKMARK [1][-]{Doc-Start}{\376\377\000P\000o\000s\000i\000t\000i\000o\000n\000s}{}% 2
\BOOKMARK [1][-]{Doc-Start}{\376\377\000P\000u\000b\000l\000i\000c\000a\000t\000i\000o\000n\000s}{}% 3
\BOOKMARK [2][-]{section*.1}{\376\377\000M\000a\000n\000u\000s\000c\000r\000i\000p\000t\000s\000\040\000i\000n\000\040\000R\000e\000v\000i\000e\000w\000:}{Doc-Start}% 4
\BOOKMARK [2][-]{Item.1}{\376\377\000J\000o\000u\000r\000n\000a\000l\000\040\000A\000r\000t\000i\000c\000l\000e\000s\000:}{Doc-Start}% 5
\BOOKMARK [2][-]{Item.13}{\376\377\000R\000e\000f\000e\000r\000e\000e\000d\000\040\000C\000o\000n\000f\000e\000r\000e\000n\000c\000e\000\040\000P\000a\000p\000e\000r\000s\000:}{Doc-Start}% 6
\BOOKMARK [2][-]{Item.16}{\376\377\000C\000o\000n\000f\000e\000r\000e\000n\000c\000e\000\040\000A\000b\000s\000t\000r\000a\000c\000t\000s\000\040\000\046\000\040\000P\000r\000e\000s\000e\000n\000t\000a\000t\000i\000o\000n\000s\000:}{Doc-Start}% 7
\BOOKMARK [2][-]{Item.71}{\376\377\000T\000h\000e\000s\000e\000s\000:}{Doc-Start}% 8
\BOOKMARK [1][-]{Item.72}{\376\377\000I\000n\000v\000i\000t\000e\000d\000\040\000P\000r\000e\000s\000e\000n\000t\000a\000t\000i\000o\000n\000s}{}% 9
\BOOKMARK [1][-]{Item.84}{\376\377\000G\000r\000a\000n\000t\000\040\000S\000u\000p\000p\000o\000r\000t}{}% 10
\BOOKMARK [2][-]{section*.2}{\376\377\000C\000u\000r\000r\000e\000n\000t\000:}{Item.84}% 11
\BOOKMARK [2][-]{section*.2}{\376\377\000C\000o\000m\000p\000l\000e\000t\000e\000d\000:}{Item.84}% 12
\BOOKMARK [1][-]{section*.2}{\376\377\000H\000o\000n\000o\000r\000s\000\040\000\046\000\040\000A\000w\000a\000r\000d\000s}{}% 13
\BOOKMARK [1][-]{section*.2}{\376\377\000P\000r\000o\000f\000e\000s\000s\000i\000o\000n\000a\000l\000\040\000O\000r\000g\000a\000n\000i\000z\000a\000t\000i\000o\000n\000s}{}% 14
\BOOKMARK [1][-]{section*.2}{\376\377\000P\000r\000o\000f\000e\000s\000s\000i\000o\000n\000a\000l\000\040\000S\000e\000r\000v\000i\000c\000e}{}% 15
\BOOKMARK [2][-]{section*.3}{\376\377\000K\000e\000y\000\040\000R\000o\000l\000e\000s\000:}{section*.2}% 16
\BOOKMARK [2][-]{section*.3}{\376\377\000J\000o\000u\000r\000n\000a\000l\000\040\000P\000e\000e\000r\000-\000R\000e\000v\000i\000e\000w\000:}{section*.2}% 17
\BOOKMARK [2][-]{section*.3}{\376\377\000C\000o\000n\000f\000e\000r\000e\000n\000c\000e\000\040\000P\000a\000p\000e\000r\000\040\000P\000e\000e\000r\000-\000R\000e\000v\000i\000e\000w\000:}{section*.2}% 18
\BOOKMARK [2][-]{section*.3}{\376\377\000G\000r\000a\000n\000t\000\040\000R\000e\000v\000i\000e\000w\000:}{section*.2}% 19
\BOOKMARK [2][-]{section*.3}{\376\377\000C\000o\000n\000f\000e\000r\000e\000n\000c\000e\000\040\000P\000l\000a\000n\000n\000i\000n\000g\000:}{section*.2}% 20
\BOOKMARK [2][-]{Item.85}{\376\377\000O\000r\000g\000a\000n\000i\000z\000e\000d\000\040\000C\000o\000n\000f\000e\000r\000e\000n\000c\000e\000\040\000S\000y\000m\000p\000o\000s\000i\000u\000m\000s\000:\000\040\000\050\000i\000.\000e\000.\000,\000\040\000a\000s\000\040\000c\000o\000n\000f\000e\000r\000e\000n\000c\000e\000\040\000c\000h\000a\000i\000r\000\051}{section*.2}% 21
\BOOKMARK [2][-]{Item.88}{\376\377\000O\000r\000g\000a\000n\000i\000z\000e\000d\000\040\000C\000o\000n\000f\000e\000r\000e\000n\000c\000e\000\040\000W\000o\000r\000k\000s\000h\000o\000p\000s\000:}{section*.2}% 22
\BOOKMARK [2][-]{Item.89}{\376\377\000S\000T\000E\000M\000\040\000O\000u\000t\000r\000e\000a\000c\000h\000\040\000E\000v\000e\000n\000t\000s\000:}{section*.2}% 23
\BOOKMARK [2][-]{Item.107}{\376\377\000O\000t\000h\000e\000r\000:}{section*.2}% 24
\BOOKMARK [1][-]{Item.108}{\376\377\000T\000e\000a\000c\000h\000i\000n\000g\000\040\000E\000x\000p\000e\000r\000i\000e\000n\000c\000e}{}% 25
\BOOKMARK [2][-]{section*.4}{\376\377\000I\000n\000s\000t\000r\000u\000c\000t\000o\000r\000:}{Item.108}% 26
\BOOKMARK [2][-]{section*.4}{\376\377\000F\000a\000c\000u\000l\000t\000y\000\040\000A\000d\000v\000i\000s\000o\000r\000\040\000f\000o\000r\000\040\000S\000t\000u\000d\000e\000n\000t\000\040\000D\000e\000s\000i\000g\000n\000\040\000T\000e\000a\000m\000s\000:}{Item.108}% 27
\BOOKMARK [2][-]{section*.4}{\376\377\000G\000u\000e\000s\000t\000\040\000L\000e\000c\000t\000u\000r\000e\000s\000:}{Item.108}% 28
\BOOKMARK [2][-]{section*.4}{\376\377\000T\000e\000a\000c\000h\000i\000n\000g\000\040\000A\000s\000s\000i\000s\000t\000a\000n\000t\000:}{Item.108}% 29
\BOOKMARK [1][-]{section*.4}{\376\377\000M\000e\000n\000t\000o\000r\000i\000n\000g\000\040\000E\000x\000p\000e\000r\000i\000e\000n\000c\000e}{}% 30
\BOOKMARK [2][-]{section*.5}{\376\377\000D\000o\000c\000t\000o\000r\000a\000l\000\040\000S\000t\000u\000d\000e\000n\000t\000s}{section*.4}% 31
\BOOKMARK [2][-]{section*.5}{\376\377\000M\000a\000s\000t\000e\000r\000'\000s\000\040\000S\000t\000u\000d\000e\000n\000t\000s}{section*.4}% 32
\BOOKMARK [2][-]{section*.5}{\376\377\000U\000n\000d\000e\000r\000g\000r\000a\000d\000u\000a\000t\000e\000\040\000S\000t\000u\000d\000e\000n\000t\000s\000\040\000\050\000R\000e\000s\000e\000a\000r\000c\000h\000\040\000M\000e\000n\000t\000o\000r\000s\000h\000i\000p\000\051}{section*.4}% 33
\BOOKMARK [2][-]{section*.5}{\376\377\000H\000i\000g\000h\000\040\000S\000c\000h\000o\000o\000l\000\040\000S\000t\000u\000d\000e\000n\000t\000s\000\040\000\050\000R\000e\000s\000e\000a\000r\000c\000h\000\040\000M\000e\000n\000t\000o\000r\000s\000h\000i\000p\000\051}{section*.4}% 34
\BOOKMARK [2][-]{section*.5}{\376\377\000M\000e\000n\000t\000o\000r\000e\000d\000\040\000S\000t\000u\000d\000e\000n\000t\000\040\000H\000o\000n\000o\000r\000s\000\040\000a\000n\000d\000\040\000A\000w\000a\000r\000d\000s}{section*.4}% 35
\BOOKMARK [1][-]{section*.5}{\376\377\000P\000r\000o\000f\000e\000s\000s\000i\000o\000n\000a\000l\000\040\000D\000e\000v\000e\000l\000o\000p\000m\000e\000n\000t}{}% 36
